This file contains any messages produced by compilers while
running configure, to aid debugging if configure makes a mistake.

It was created by opcodes configure 2.25.51, which was
generated by GNU Autoconf 2.64.  Invocation command line was

  $ ./configure --target=arm-linux

## --------- ##
## Platform. ##
## --------- ##

hostname = QuadraPC
uname -m = x86_64
uname -r = 3.13.0-65-generic
uname -s = Linux
uname -v = #105-Ubuntu SMP Mon Sep 21 18:50:58 UTC 2015

/usr/bin/uname -p = unknown
/bin/uname -X     = unknown

/bin/arch              = unknown
/usr/bin/arch -k       = unknown
/usr/convex/getsysinfo = unknown
/usr/bin/hostinfo      = unknown
/bin/machine           = unknown
/usr/bin/oslevel       = unknown
/bin/universe          = unknown

PATH: /usr/local/sbin
PATH: /usr/local/bin
PATH: /usr/sbin
PATH: /usr/bin
PATH: /sbin
PATH: /bin
PATH: /usr/games
PATH: /usr/local/games


## ----------- ##
## Core tests. ##
## ----------- ##

configure:2289: checking build system type
configure:2303: result: x86_64-unknown-linux-gnu
configure:2323: checking host system type
configure:2336: result: x86_64-unknown-linux-gnu
configure:2356: checking target system type
configure:2369: result: arm-unknown-linux-gnu
configure:2443: checking for gcc
configure:2459: found /usr/bin/gcc
configure:2470: result: gcc
configure:2699: checking for C compiler version
configure:2708: gcc --version >&5
gcc (Ubuntu 4.8.4-2ubuntu1~14.04) 4.8.4
Copyright (C) 2013 Free Software Foundation, Inc.
This is free software; see the source for copying conditions.  There is NO
warranty; not even for MERCHANTABILITY or FITNESS FOR A PARTICULAR PURPOSE.

configure:2719: $? = 0
configure:2708: gcc -v >&5
Using built-in specs.
COLLECT_GCC=gcc
COLLECT_LTO_WRAPPER=/usr/lib/gcc/x86_64-linux-gnu/4.8/lto-wrapper
Target: x86_64-linux-gnu
Configured with: ../src/configure -v --with-pkgversion='Ubuntu 4.8.4-2ubuntu1~14.04' --with-bugurl=file:///usr/share/doc/gcc-4.8/README.Bugs --enable-languages=c,c++,java,go,d,fortran,objc,obj-c++ --prefix=/usr --program-suffix=-4.8 --enable-shared --enable-linker-build-id --libexecdir=/usr/lib --without-included-gettext --enable-threads=posix --with-gxx-include-dir=/usr/include/c++/4.8 --libdir=/usr/lib --enable-nls --with-sysroot=/ --enable-clocale=gnu --enable-libstdcxx-debug --enable-libstdcxx-time=yes --enable-gnu-unique-object --disable-libmudflap --enable-plugin --with-system-zlib --disable-browser-plugin --enable-java-awt=gtk --enable-gtk-cairo --with-java-home=/usr/lib/jvm/java-1.5.0-gcj-4.8-amd64/jre --enable-java-home --with-jvm-root-dir=/usr/lib/jvm/java-1.5.0-gcj-4.8-amd64 --with-jvm-jar-dir=/usr/lib/jvm-exports/java-1.5.0-gcj-4.8-amd64 --with-arch-directory=amd64 --with-ecj-jar=/usr/share/java/eclipse-ecj.jar --enable-objc-gc --enable-multiarch --disable-werror --with-arch-32=i686 --with-abi=m64 --with-multilib-list=m32,m64,mx32 --with-tune=generic --enable-checking=release --build=x86_64-linux-gnu --host=x86_64-linux-gnu --target=x86_64-linux-gnu
Thread model: posix
gcc version 4.8.4 (Ubuntu 4.8.4-2ubuntu1~14.04) 
configure:2719: $? = 0
configure:2708: gcc -V >&5
gcc: error: unrecognized command line option '-V'
gcc: fatal error: no input files
compilation terminated.
configure:2719: $? = 4
configure:2708: gcc -qversion >&5
gcc: error: unrecognized command line option '-qversion'
gcc: fatal error: no input files
compilation terminated.
configure:2719: $? = 4
configure:2739: checking for C compiler default output file name
configure:2761: gcc    conftest.c  >&5
configure:2765: $? = 0
configure:2802: result: a.out
configure:2818: checking whether the C compiler works
configure:2827: ./a.out
configure:2831: $? = 0
configure:2846: result: yes
configure:2853: checking whether we are cross compiling
configure:2855: result: no
configure:2858: checking for suffix of executables
configure:2865: gcc -o conftest    conftest.c  >&5
configure:2869: $? = 0
configure:2891: result: 
configure:2897: checking for suffix of object files
configure:2919: gcc -c   conftest.c >&5
configure:2923: $? = 0
configure:2944: result: o
configure:2948: checking whether we are using the GNU C compiler
configure:2967: gcc -c   conftest.c >&5
configure:2967: $? = 0
configure:2976: result: yes
configure:2985: checking whether gcc accepts -g
configure:3005: gcc -c -g  conftest.c >&5
configure:3005: $? = 0
configure:3046: result: yes
configure:3063: checking for gcc option to accept ISO C89
configure:3127: gcc  -c -g -O2  conftest.c >&5
configure:3127: $? = 0
configure:3140: result: none needed
configure:3161: checking for library containing strerror
configure:3192: gcc -o conftest -g -O2   conftest.c  >&5
configure:3192: $? = 0
configure:3209: result: none required
configure:3234: checking for a BSD-compatible install
configure:3302: result: /usr/bin/install -c
configure:3313: checking whether build environment is sane
configure:3363: result: yes
configure:3504: checking for a thread-safe mkdir -p
configure:3543: result: /bin/mkdir -p
configure:3556: checking for gawk
configure:3586: result: no
configure:3556: checking for mawk
configure:3572: found /usr/bin/mawk
configure:3583: result: mawk
configure:3594: checking whether make sets $(MAKE)
configure:3616: result: yes
configure:3646: checking for style of include used by make
configure:3674: result: GNU
configure:3759: checking dependency style of gcc
configure:3869: result: gcc3
configure:3934: checking for gcc
configure:3961: result: gcc
configure:4190: checking for C compiler version
configure:4199: gcc --version >&5
gcc (Ubuntu 4.8.4-2ubuntu1~14.04) 4.8.4
Copyright (C) 2013 Free Software Foundation, Inc.
This is free software; see the source for copying conditions.  There is NO
warranty; not even for MERCHANTABILITY or FITNESS FOR A PARTICULAR PURPOSE.

configure:4210: $? = 0
configure:4199: gcc -v >&5
Using built-in specs.
COLLECT_GCC=gcc
COLLECT_LTO_WRAPPER=/usr/lib/gcc/x86_64-linux-gnu/4.8/lto-wrapper
Target: x86_64-linux-gnu
Configured with: ../src/configure -v --with-pkgversion='Ubuntu 4.8.4-2ubuntu1~14.04' --with-bugurl=file:///usr/share/doc/gcc-4.8/README.Bugs --enable-languages=c,c++,java,go,d,fortran,objc,obj-c++ --prefix=/usr --program-suffix=-4.8 --enable-shared --enable-linker-build-id --libexecdir=/usr/lib --without-included-gettext --enable-threads=posix --with-gxx-include-dir=/usr/include/c++/4.8 --libdir=/usr/lib --enable-nls --with-sysroot=/ --enable-clocale=gnu --enable-libstdcxx-debug --enable-libstdcxx-time=yes --enable-gnu-unique-object --disable-libmudflap --enable-plugin --with-system-zlib --disable-browser-plugin --enable-java-awt=gtk --enable-gtk-cairo --with-java-home=/usr/lib/jvm/java-1.5.0-gcj-4.8-amd64/jre --enable-java-home --with-jvm-root-dir=/usr/lib/jvm/java-1.5.0-gcj-4.8-amd64 --with-jvm-jar-dir=/usr/lib/jvm-exports/java-1.5.0-gcj-4.8-amd64 --with-arch-directory=amd64 --with-ecj-jar=/usr/share/java/eclipse-ecj.jar --enable-objc-gc --enable-multiarch --disable-werror --with-arch-32=i686 --with-abi=m64 --with-multilib-list=m32,m64,mx32 --with-tune=generic --enable-checking=release --build=x86_64-linux-gnu --host=x86_64-linux-gnu --target=x86_64-linux-gnu
Thread model: posix
gcc version 4.8.4 (Ubuntu 4.8.4-2ubuntu1~14.04) 
configure:4210: $? = 0
configure:4199: gcc -V >&5
gcc: error: unrecognized command line option '-V'
gcc: fatal error: no input files
compilation terminated.
configure:4210: $? = 4
configure:4199: gcc -qversion >&5
gcc: error: unrecognized command line option '-qversion'
gcc: fatal error: no input files
compilation terminated.
configure:4210: $? = 4
configure:4214: checking whether we are using the GNU C compiler
configure:4242: result: yes
configure:4251: checking whether gcc accepts -g
configure:4312: result: yes
configure:4329: checking for gcc option to accept ISO C89
configure:4406: result: none needed
configure:4431: checking how to run the C preprocessor
configure:4462: gcc -E  conftest.c
configure:4462: $? = 0
configure:4476: gcc -E  conftest.c
conftest.c:11:28: fatal error: ac_nonexistent.h: No such file or directory
 #include <ac_nonexistent.h>
                            ^
compilation terminated.
configure:4476: $? = 1
configure: failed program was:
| /* confdefs.h */
| #define PACKAGE_NAME "opcodes"
| #define PACKAGE_TARNAME "opcodes"
| #define PACKAGE_VERSION "2.25.51"
| #define PACKAGE_STRING "opcodes 2.25.51"
| #define PACKAGE_BUGREPORT ""
| #define PACKAGE_URL ""
| #define PACKAGE "opcodes"
| #define VERSION "2.25.51"
| /* end confdefs.h.  */
| #include <ac_nonexistent.h>
configure:4501: result: gcc -E
configure:4521: gcc -E  conftest.c
configure:4521: $? = 0
configure:4535: gcc -E  conftest.c
conftest.c:11:28: fatal error: ac_nonexistent.h: No such file or directory
 #include <ac_nonexistent.h>
                            ^
compilation terminated.
configure:4535: $? = 1
configure: failed program was:
| /* confdefs.h */
| #define PACKAGE_NAME "opcodes"
| #define PACKAGE_TARNAME "opcodes"
| #define PACKAGE_VERSION "2.25.51"
| #define PACKAGE_STRING "opcodes 2.25.51"
| #define PACKAGE_BUGREPORT ""
| #define PACKAGE_URL ""
| #define PACKAGE "opcodes"
| #define VERSION "2.25.51"
| /* end confdefs.h.  */
| #include <ac_nonexistent.h>
configure:4564: checking for grep that handles long lines and -e
configure:4622: result: /bin/grep
configure:4627: checking for egrep
configure:4689: result: /bin/grep -E
configure:4694: checking for ANSI C header files
configure:4714: gcc -c -g -O2  conftest.c >&5
configure:4714: $? = 0
configure:4787: gcc -o conftest -g -O2   conftest.c  >&5
configure:4787: $? = 0
configure:4787: ./conftest
configure:4787: $? = 0
configure:4798: result: yes
configure:4811: checking for sys/types.h
configure:4811: gcc -c -g -O2  conftest.c >&5
configure:4811: $? = 0
configure:4811: result: yes
configure:4811: checking for sys/stat.h
configure:4811: gcc -c -g -O2  conftest.c >&5
configure:4811: $? = 0
configure:4811: result: yes
configure:4811: checking for stdlib.h
configure:4811: gcc -c -g -O2  conftest.c >&5
configure:4811: $? = 0
configure:4811: result: yes
configure:4811: checking for string.h
configure:4811: gcc -c -g -O2  conftest.c >&5
configure:4811: $? = 0
configure:4811: result: yes
configure:4811: checking for memory.h
configure:4811: gcc -c -g -O2  conftest.c >&5
configure:4811: $? = 0
configure:4811: result: yes
configure:4811: checking for strings.h
configure:4811: gcc -c -g -O2  conftest.c >&5
configure:4811: $? = 0
configure:4811: result: yes
configure:4811: checking for inttypes.h
configure:4811: gcc -c -g -O2  conftest.c >&5
configure:4811: $? = 0
configure:4811: result: yes
configure:4811: checking for stdint.h
configure:4811: gcc -c -g -O2  conftest.c >&5
configure:4811: $? = 0
configure:4811: result: yes
configure:4811: checking for unistd.h
configure:4811: gcc -c -g -O2  conftest.c >&5
configure:4811: $? = 0
configure:4811: result: yes
configure:4825: checking minix/config.h usability
configure:4825: gcc -c -g -O2  conftest.c >&5
conftest.c:54:26: fatal error: minix/config.h: No such file or directory
 #include <minix/config.h>
                          ^
compilation terminated.
configure:4825: $? = 1
configure: failed program was:
| /* confdefs.h */
| #define PACKAGE_NAME "opcodes"
| #define PACKAGE_TARNAME "opcodes"
| #define PACKAGE_VERSION "2.25.51"
| #define PACKAGE_STRING "opcodes 2.25.51"
| #define PACKAGE_BUGREPORT ""
| #define PACKAGE_URL ""
| #define PACKAGE "opcodes"
| #define VERSION "2.25.51"
| #define STDC_HEADERS 1
| #define HAVE_SYS_TYPES_H 1
| #define HAVE_SYS_STAT_H 1
| #define HAVE_STDLIB_H 1
| #define HAVE_STRING_H 1
| #define HAVE_MEMORY_H 1
| #define HAVE_STRINGS_H 1
| #define HAVE_INTTYPES_H 1
| #define HAVE_STDINT_H 1
| #define HAVE_UNISTD_H 1
| /* end confdefs.h.  */
| #include <stdio.h>
| #ifdef HAVE_SYS_TYPES_H
| # include <sys/types.h>
| #endif
| #ifdef HAVE_SYS_STAT_H
| # include <sys/stat.h>
| #endif
| #ifdef STDC_HEADERS
| # include <stdlib.h>
| # include <stddef.h>
| #else
| # ifdef HAVE_STDLIB_H
| #  include <stdlib.h>
| # endif
| #endif
| #ifdef HAVE_STRING_H
| # if !defined STDC_HEADERS && defined HAVE_MEMORY_H
| #  include <memory.h>
| # endif
| # include <string.h>
| #endif
| #ifdef HAVE_STRINGS_H
| # include <strings.h>
| #endif
| #ifdef HAVE_INTTYPES_H
| # include <inttypes.h>
| #endif
| #ifdef HAVE_STDINT_H
| # include <stdint.h>
| #endif
| #ifdef HAVE_UNISTD_H
| # include <unistd.h>
| #endif
| #include <minix/config.h>
configure:4825: result: no
configure:4825: checking minix/config.h presence
configure:4825: gcc -E  conftest.c
conftest.c:21:26: fatal error: minix/config.h: No such file or directory
 #include <minix/config.h>
                          ^
compilation terminated.
configure:4825: $? = 1
configure: failed program was:
| /* confdefs.h */
| #define PACKAGE_NAME "opcodes"
| #define PACKAGE_TARNAME "opcodes"
| #define PACKAGE_VERSION "2.25.51"
| #define PACKAGE_STRING "opcodes 2.25.51"
| #define PACKAGE_BUGREPORT ""
| #define PACKAGE_URL ""
| #define PACKAGE "opcodes"
| #define VERSION "2.25.51"
| #define STDC_HEADERS 1
| #define HAVE_SYS_TYPES_H 1
| #define HAVE_SYS_STAT_H 1
| #define HAVE_STDLIB_H 1
| #define HAVE_STRING_H 1
| #define HAVE_MEMORY_H 1
| #define HAVE_STRINGS_H 1
| #define HAVE_INTTYPES_H 1
| #define HAVE_STDINT_H 1
| #define HAVE_UNISTD_H 1
| /* end confdefs.h.  */
| #include <minix/config.h>
configure:4825: result: no
configure:4825: checking for minix/config.h
configure:4825: result: no
configure:4846: checking whether it is safe to define __EXTENSIONS__
configure:4864: gcc -c -g -O2  conftest.c >&5
configure:4864: $? = 0
configure:4871: result: yes
configure:4931: checking for ar
configure:4947: found /usr/bin/ar
configure:4958: result: ar
configure:5023: checking for ranlib
configure:5039: found /usr/bin/ranlib
configure:5050: result: ranlib
configure:5151: checking how to print strings
configure:5178: result: printf
configure:5199: checking for a sed that does not truncate output
configure:5263: result: /bin/sed
configure:5281: checking for fgrep
configure:5343: result: /bin/grep -F
configure:5378: checking for ld used by gcc
configure:5445: result: /usr/bin/ld
configure:5452: checking if the linker (/usr/bin/ld) is GNU ld
configure:5467: result: yes
configure:5479: checking for BSD- or MS-compatible name lister (nm)
configure:5528: result: /usr/bin/nm -B
configure:5658: checking the name lister (/usr/bin/nm -B) interface
configure:5665: gcc -c -g -O2  conftest.c >&5
configure:5668: /usr/bin/nm -B "conftest.o"
configure:5671: output
0000000000000000 B some_variable
configure:5678: result: BSD nm
configure:5681: checking whether ln -s works
configure:5685: result: yes
configure:5693: checking the maximum length of command line arguments
configure:5818: result: 1572864
configure:5835: checking whether the shell understands some XSI constructs
configure:5845: result: yes
configure:5849: checking whether the shell understands "+="
configure:5855: result: yes
configure:5890: checking for /usr/bin/ld option to reload object files
configure:5897: result: -r
configure:5966: checking for objdump
configure:5982: found /usr/bin/objdump
configure:5993: result: objdump
configure:6025: checking how to recognize dependent libraries
configure:6226: result: pass_all
configure:6286: checking for ar
configure:6313: result: ar
configure:6391: checking for strip
configure:6407: found /usr/bin/strip
configure:6418: result: strip
configure:6490: checking for ranlib
configure:6517: result: ranlib
configure:6619: checking command to parse /usr/bin/nm -B output from gcc object
configure:6737: gcc -c -g -O2  conftest.c >&5
configure:6740: $? = 0
configure:6744: /usr/bin/nm -B conftest.o \| sed -n -e 's/^.*[ ]\([ABCDGIRSTW][ABCDGIRSTW]*\)[ ][ ]*\([_A-Za-z][_A-Za-z0-9]*\)$/\1 \2 \2/p' \> conftest.nm
configure:6747: $? = 0
configure:6801: gcc -o conftest -g -O2   conftest.c conftstm.o >&5
configure:6804: $? = 0
configure:6842: result: ok
configure:6937: gcc -c -g -O2  conftest.c >&5
configure:6940: $? = 0
configure:7690: checking for dlfcn.h
configure:7690: gcc -c -g -O2  conftest.c >&5
configure:7690: $? = 0
configure:7690: result: yes
configure:7847: checking for objdir
configure:7862: result: .libs
configure:8133: checking if gcc supports -fno-rtti -fno-exceptions
configure:8151: gcc -c -g -O2  -fno-rtti -fno-exceptions conftest.c >&5
cc1: warning: command line option '-fno-rtti' is valid for C++/ObjC++ but not for C [enabled by default]
configure:8155: $? = 0
configure:8168: result: no
configure:8188: checking for gcc option to produce PIC
configure:8474: result: -fPIC -DPIC
configure:8486: checking if gcc PIC flag -fPIC -DPIC works
configure:8504: gcc -c -g -O2  -fPIC -DPIC -DPIC conftest.c >&5
configure:8508: $? = 0
configure:8521: result: yes
configure:8545: checking if gcc static flag -static works
configure:8573: result: yes
configure:8588: checking if gcc supports -c -o file.o
configure:8609: gcc -c -g -O2  -o out/conftest2.o conftest.c >&5
configure:8613: $? = 0
configure:8635: result: yes
configure:8643: checking if gcc supports -c -o file.o
configure:8690: result: yes
configure:8723: checking whether the gcc linker (/usr/bin/ld -m elf_x86_64) supports shared libraries
configure:9794: result: yes
configure:10039: checking dynamic linker characteristics
configure:10490: gcc -o conftest -g -O2   -Wl,-rpath -Wl,/foo conftest.c  >&5
configure:10490: $? = 0
configure:10712: result: GNU/Linux ld.so
configure:10819: checking how to hardcode library paths into programs
configure:10844: result: immediate
configure:11384: checking whether stripping libraries is possible
configure:11389: result: yes
configure:11424: checking if libtool supports shared libraries
configure:11426: result: yes
configure:11429: checking whether to build shared libraries
configure:11450: result: no
configure:11453: checking whether to build static libraries
configure:11457: result: yes
configure:11590: checking whether gcc supports -Wmissing-field-initializers
configure:11607: gcc -c -Wmissing-field-initializers  conftest.c >&5
configure:11607: $? = 0
configure:11616: result: yes
configure:11636: checking whether to enable maintainer-specific portions of Makefiles
configure:11645: result: no
configure:11673: checking whether to install libbfd
configure:11686: result: no
configure:11732: checking whether NLS is requested
configure:11735: result: no
configure:11803: checking whether NLS is requested
configure:11812: result: yes
configure:11850: checking for msgfmt
configure:11881: result: /usr/bin/msgfmt
configure:11890: checking for gmsgfmt
configure:11921: result: /usr/bin/msgfmt
configure:11961: checking for xgettext
configure:11992: result: /usr/bin/xgettext
configure:12032: checking for msgmerge
configure:12062: result: /usr/bin/msgmerge
configure:12144: checking for string.h
configure:12144: result: yes
configure:12144: checking for strings.h
configure:12144: result: yes
configure:12144: checking for stdlib.h
configure:12144: result: yes
configure:12144: checking limits.h usability
configure:12144: gcc -c -g -O2  conftest.c >&5
configure:12144: $? = 0
configure:12144: result: yes
configure:12144: checking limits.h presence
configure:12144: gcc -E  conftest.c
configure:12144: $? = 0
configure:12144: result: yes
configure:12144: checking for limits.h
configure:12144: result: yes
configure:12155: checking whether string.h and strings.h may both be included
configure:12172: gcc -c -g -O2  conftest.c >&5
configure:12172: $? = 0
configure:12179: result: yes
configure:12188: checking whether basename is declared
configure:12188: gcc -c -g -O2  conftest.c >&5
configure:12188: $? = 0
configure:12188: result: yes
configure:12198: checking whether stpcpy is declared
configure:12198: gcc -c -g -O2  conftest.c >&5
configure:12198: $? = 0
configure:12198: result: yes
configure:12212: checking for sigsetjmp
configure:12230: gcc -c -g -O2  conftest.c >&5
configure:12230: $? = 0
configure:12237: result: 
configure:12275: checking linker --as-needed support
configure:12286: result: yes
configure:12377: checking for cos in -lm
configure:12402: gcc -o conftest -g -O2   conftest.c -lm   >&5
conftest.c:43:6: warning: conflicting types for built-in function 'cos' [enabled by default]
 char cos ();
      ^
configure:12402: $? = 0
configure:12411: result: yes
configure:12811: creating ./config.status

## ---------------------- ##
## Running config.status. ##
## ---------------------- ##

This file was extended by opcodes config.status 2.25.51, which was
generated by GNU Autoconf 2.64.  Invocation command line was

  CONFIG_FILES    = 
  CONFIG_HEADERS  = 
  CONFIG_LINKS    = 
  CONFIG_COMMANDS = 
  $ ./config.status 

on QuadraPC

config.status:1128: creating Makefile
config.status:1128: creating po/Makefile.in
config.status:1128: creating config.h
config.status:1348: executing depfiles commands
config.status:1348: executing libtool commands
config.status:1348: executing default-1 commands

## ---------------- ##
## Cache variables. ##
## ---------------- ##

ac_cv_build=x86_64-unknown-linux-gnu
ac_cv_c_compiler_gnu=yes
ac_cv_env_CC_set=
ac_cv_env_CC_value=
ac_cv_env_CFLAGS_set=
ac_cv_env_CFLAGS_value=
ac_cv_env_CPPFLAGS_set=
ac_cv_env_CPPFLAGS_value=
ac_cv_env_CPP_set=
ac_cv_env_CPP_value=
ac_cv_env_LDFLAGS_set=
ac_cv_env_LDFLAGS_value=
ac_cv_env_LIBS_set=
ac_cv_env_LIBS_value=
ac_cv_env_build_alias_set=
ac_cv_env_build_alias_value=
ac_cv_env_host_alias_set=
ac_cv_env_host_alias_value=
ac_cv_env_target_alias_set=set
ac_cv_env_target_alias_value=arm-linux
ac_cv_have_decl_basename=yes
ac_cv_have_decl_stpcpy=yes
ac_cv_header_dlfcn_h=yes
ac_cv_header_inttypes_h=yes
ac_cv_header_limits_h=yes
ac_cv_header_memory_h=yes
ac_cv_header_minix_config_h=no
ac_cv_header_stdc=yes
ac_cv_header_stdint_h=yes
ac_cv_header_stdlib_h=yes
ac_cv_header_string_h=yes
ac_cv_header_strings_h=yes
ac_cv_header_sys_stat_h=yes
ac_cv_header_sys_types_h=yes
ac_cv_header_unistd_h=yes
ac_cv_host=x86_64-unknown-linux-gnu
ac_cv_lib_m_cos=yes
ac_cv_objext=o
ac_cv_path_EGREP='/bin/grep -E'
ac_cv_path_FGREP='/bin/grep -F'
ac_cv_path_GMSGFMT=/usr/bin/msgfmt
ac_cv_path_GREP=/bin/grep
ac_cv_path_MSGFMT=/usr/bin/msgfmt
ac_cv_path_MSGMERGE=/usr/bin/msgmerge
ac_cv_path_SED=/bin/sed
ac_cv_path_XGETTEXT=/usr/bin/xgettext
ac_cv_path_install='/usr/bin/install -c'
ac_cv_path_mkdir=/bin/mkdir
ac_cv_prog_AWK=mawk
ac_cv_prog_CPP='gcc -E'
ac_cv_prog_ac_ct_AR=ar
ac_cv_prog_ac_ct_CC=gcc
ac_cv_prog_ac_ct_OBJDUMP=objdump
ac_cv_prog_ac_ct_RANLIB=ranlib
ac_cv_prog_ac_ct_STRIP=strip
ac_cv_prog_cc_c89=
ac_cv_prog_cc_g=yes
ac_cv_prog_make_make_set=yes
ac_cv_safe_to_define___extensions__=yes
ac_cv_search_strerror='none required'
ac_cv_target=arm-unknown-linux-gnu
acx_cv_prog_cc_warning__Wmissing_field_initializers=yes
am_cv_CC_dependencies_compiler_type=gcc3
bfd_cv_func_sigsetjmp=yes
bfd_cv_ld_as_needed=yes
gcc_cv_header_string=yes
lt_cv_deplibs_check_method=pass_all
lt_cv_file_magic_cmd='$MAGIC_CMD'
lt_cv_file_magic_test_file=
lt_cv_ld_reload_flag=-r
lt_cv_nm_interface='BSD nm'
lt_cv_objdir=.libs
lt_cv_path_LD=/usr/bin/ld
lt_cv_path_NM='/usr/bin/nm -B'
lt_cv_prog_compiler_c_o=yes
lt_cv_prog_compiler_pic_works=yes
lt_cv_prog_compiler_rtti_exceptions=no
lt_cv_prog_compiler_static_works=yes
lt_cv_prog_gnu_ld=yes
lt_cv_shlibpath_overrides_runpath=no
lt_cv_sys_global_symbol_pipe='sed -n -e '\''s/^.*[	 ]\([ABCDGIRSTW][ABCDGIRSTW]*\)[	 ][	 ]*\([_A-Za-z][_A-Za-z0-9]*\)$/\1 \2 \2/p'\'''
lt_cv_sys_global_symbol_to_c_name_address='sed -n -e '\''s/^: \([^ ]*\) $/  {\"\1\", (void *) 0},/p'\'' -e '\''s/^[ABCDGIRSTW]* \([^ ]*\) \([^ ]*\)$/  {"\2", (void *) \&\2},/p'\'''
lt_cv_sys_global_symbol_to_c_name_address_lib_prefix='sed -n -e '\''s/^: \([^ ]*\) $/  {\"\1\", (void *) 0},/p'\'' -e '\''s/^[ABCDGIRSTW]* \([^ ]*\) \(lib[^ ]*\)$/  {"\2", (void *) \&\2},/p'\'' -e '\''s/^[ABCDGIRSTW]* \([^ ]*\) \([^ ]*\)$/  {"lib\2", (void *) \&\2},/p'\'''
lt_cv_sys_global_symbol_to_cdecl='sed -n -e '\''s/^T .* \(.*\)$/extern int \1();/p'\'' -e '\''s/^[ABCDGIRSTW]* .* \(.*\)$/extern char \1;/p'\'''
lt_cv_sys_max_cmd_len=1572864

## ----------------- ##
## Output variables. ##
## ----------------- ##

ACLOCAL='${SHELL} /home/tim/Cog/processors/ARM/gdb-7.10/missing --run aclocal-1.11'
AMDEPBACKSLASH='\'
AMDEP_FALSE='#'
AMDEP_TRUE=''
AMTAR='${SHELL} /home/tim/Cog/processors/ARM/gdb-7.10/missing --run tar'
AR='ar'
AUTOCONF='${SHELL} /home/tim/Cog/processors/ARM/gdb-7.10/missing --run autoconf'
AUTOHEADER='${SHELL} /home/tim/Cog/processors/ARM/gdb-7.10/missing --run autoheader'
AUTOMAKE='${SHELL} /home/tim/Cog/processors/ARM/gdb-7.10/missing --run automake-1.11'
AWK='mawk'
BFD_MACHINES=' arm-dis.lo'
BUILD_LIBS='../libiberty/libiberty.a '
BUILD_LIB_DEPS='../libiberty/libiberty.a '
CATALOGS=''
CATOBJEXT=''
CC='gcc'
CCDEPMODE='depmode=gcc3'
CC_FOR_BUILD='$(CC)'
CFLAGS='-g -O2'
CGEN_MAINT_FALSE=''
CGEN_MAINT_TRUE='#'
CPP='gcc -E'
CPPFLAGS=''
CYGPATH_W='echo'
DATADIRNAME=''
DEFS='-DHAVE_CONFIG_H'
DEPDIR='.deps'
DSYMUTIL=''
DUMPBIN=''
ECHO_C=''
ECHO_N='-n'
ECHO_T=''
EGREP='/bin/grep -E'
EXEEXT=''
EXEEXT_FOR_BUILD='$(EXEEXT)'
FGREP='/bin/grep -F'
GENCAT=''
GMSGFMT='/usr/bin/msgfmt'
GREP='/bin/grep'
HDEFINES=''
INCINTL=''
INSTALL_DATA='${INSTALL} -m 644'
INSTALL_LIBBFD_FALSE=''
INSTALL_LIBBFD_TRUE='#'
INSTALL_PROGRAM='${INSTALL}'
INSTALL_SCRIPT='${INSTALL}'
INSTALL_STRIP_PROGRAM='$(install_sh) -c -s'
INSTOBJEXT=''
LD='/usr/bin/ld -m elf_x86_64'
LDFLAGS=''
LIBINTL=''
LIBINTL_DEP=''
LIBM='-lm'
LIBOBJS=''
LIBS=''
LIBTOOL='$(SHELL) $(top_builddir)/libtool'
LIPO=''
LN_S='ln -s'
LTLIBOBJS=''
MAINT='#'
MAINTAINER_MODE_FALSE=''
MAINTAINER_MODE_TRUE='#'
MAKEINFO='${SHELL} /home/tim/Cog/processors/ARM/gdb-7.10/missing --run makeinfo'
MKDIR_P='/bin/mkdir -p'
MKINSTALLDIRS='$(top_builddir)/./../mkinstalldirs'
MSGFMT='/usr/bin/msgfmt'
MSGMERGE='/usr/bin/msgmerge'
NM='/usr/bin/nm -B'
NMEDIT=''
NO_WERROR=''
NO_WMISSING_FIELD_INITIALIZERS='-Wno-missing-field-initializers'
OBJDUMP='objdump'
OBJEXT='o'
OTOOL64=''
OTOOL=''
PACKAGE='opcodes'
PACKAGE_BUGREPORT=''
PACKAGE_NAME='opcodes'
PACKAGE_STRING='opcodes 2.25.51'
PACKAGE_TARNAME='opcodes'
PACKAGE_URL=''
PACKAGE_VERSION='2.25.51'
PATH_SEPARATOR=':'
POSUB=''
RANLIB='ranlib'
SED='/bin/sed'
SET_MAKE=''
SHARED_DEPENDENCIES=''
SHARED_LDFLAGS=''
SHARED_LIBADD=''
SHELL='/bin/bash'
STRIP='strip'
USE_NLS='yes'
VERSION='2.25.51'
WARN_CFLAGS='-W -Wall -Wstrict-prototypes -Wmissing-prototypes -Wshadow'
XGETTEXT='/usr/bin/xgettext'
ac_ct_CC='gcc'
ac_ct_DUMPBIN=''
am__EXEEXT_FALSE=''
am__EXEEXT_TRUE='#'
am__fastdepCC_FALSE='#'
am__fastdepCC_TRUE=''
am__include='include'
am__isrc=''
am__leading_dot='.'
am__quote=''
am__tar='${AMTAR} chof - "$$tardir"'
am__untar='${AMTAR} xf -'
archdefs=' -DARCH_arm'
bfdincludedir='$(exec_prefix)/$(host_noncanonical)/$(target_noncanonical)/include'
bfdlibdir='$(exec_prefix)/$(host_noncanonical)/$(target_noncanonical)/lib'
bindir='${exec_prefix}/bin'
build='x86_64-unknown-linux-gnu'
build_alias=''
build_cpu='x86_64'
build_os='linux-gnu'
build_vendor='unknown'
cgendir='$(srcdir)/../cgen'
datadir='${datarootdir}'
datarootdir='${prefix}/share'
docdir='${datarootdir}/doc/${PACKAGE_TARNAME}'
dvidir='${docdir}'
exec_prefix='${prefix}'
host='x86_64-unknown-linux-gnu'
host_alias=''
host_cpu='x86_64'
host_noncanonical='x86_64-unknown-linux-gnu'
host_os='linux-gnu'
host_vendor='unknown'
htmldir='${docdir}'
includedir='${prefix}/include'
infodir='${datarootdir}/info'
install_sh='${SHELL} /home/tim/Cog/processors/ARM/gdb-7.10/install-sh'
libdir='${exec_prefix}/lib'
libexecdir='${exec_prefix}/libexec'
localedir='${datarootdir}/locale'
localstatedir='${prefix}/var'
mandir='${datarootdir}/man'
mkdir_p='/bin/mkdir -p'
oldincludedir='/usr/include'
pdfdir='${docdir}'
prefix='/usr/local'
program_transform_name='s&^&arm-linux-&'
psdir='${docdir}'
sbindir='${exec_prefix}/sbin'
sharedstatedir='${prefix}/com'
sysconfdir='${prefix}/etc'
target='arm-unknown-linux-gnu'
target_alias='arm-linux'
target_cpu='arm'
target_noncanonical='arm-linux'
target_os='linux-gnu'
target_vendor='unknown'

## ----------- ##
## confdefs.h. ##
## ----------- ##

/* confdefs.h */
#define PACKAGE_NAME "opcodes"
#define PACKAGE_TARNAME "opcodes"
#define PACKAGE_VERSION "2.25.51"
#define PACKAGE_STRING "opcodes 2.25.51"
#define PACKAGE_BUGREPORT ""
#define PACKAGE_URL ""
#define PACKAGE "opcodes"
#define VERSION "2.25.51"
#define STDC_HEADERS 1
#define HAVE_SYS_TYPES_H 1
#define HAVE_SYS_STAT_H 1
#define HAVE_STDLIB_H 1
#define HAVE_STRING_H 1
#define HAVE_MEMORY_H 1
#define HAVE_STRINGS_H 1
#define HAVE_INTTYPES_H 1
#define HAVE_STDINT_H 1
#define HAVE_UNISTD_H 1
#define __EXTENSIONS__ 1
#define _ALL_SOURCE 1
#define _GNU_SOURCE 1
#define _POSIX_PTHREAD_SEMANTICS 1
#define _TANDEM_SOURCE 1
#define HAVE_DLFCN_H 1
#define LT_OBJDIR ".libs/"
#define HAVE_STRING_H 1
#define HAVE_STRINGS_H 1
#define HAVE_STDLIB_H 1
#define HAVE_LIMITS_H 1
#define STRING_WITH_STRINGS 1
#define HAVE_DECL_BASENAME 1
#define HAVE_DECL_STPCPY 1
#define HAVE_SIGSETJMP 1

configure: exit 0
