This file contains any messages produced by compilers while
running configure, to aid debugging if configure makes a mistake.

It was created by configure, which was
generated by GNU Autoconf 2.64.  Invocation command line was

  $ ./configure --target=arm-linux

## --------- ##
## Platform. ##
## --------- ##

hostname = ubuntu
uname -m = i686
uname -r = 3.13.0-30-generic
uname -s = Linux
uname -v = #55-Ubuntu SMP Fri Jul 4 21:43:42 UTC 2014

/usr/bin/uname -p = unknown
/bin/uname -X     = unknown

/bin/arch              = unknown
/usr/bin/arch -k       = unknown
/usr/convex/getsysinfo = unknown
/usr/bin/hostinfo      = unknown
/bin/machine           = unknown
/usr/bin/oslevel       = unknown
/bin/universe          = unknown

PATH: /usr/local/sbin
PATH: /usr/local/bin
PATH: /usr/sbin
PATH: /usr/bin
PATH: /sbin
PATH: /bin
PATH: /usr/games
PATH: /usr/local/games


## ----------- ##
## Core tests. ##
## ----------- ##

configure:2287: checking build system type
configure:2301: result: i686-pc-linux-gnu
configure:2321: checking host system type
configure:2334: result: i686-pc-linux-gnu
configure:2354: checking target system type
configure:2367: result: arm-unknown-linux-gnu
configure:2441: checking for gcc
configure:2457: found /usr/bin/gcc
configure:2468: result: gcc
configure:2697: checking for C compiler version
configure:2706: gcc --version >&5
gcc (Ubuntu 4.8.2-19ubuntu1) 4.8.2
Copyright (C) 2013 Free Software Foundation, Inc.
This is free software; see the source for copying conditions.  There is NO
warranty; not even for MERCHANTABILITY or FITNESS FOR A PARTICULAR PURPOSE.

configure:2717: $? = 0
configure:2706: gcc -v >&5
Using built-in specs.
COLLECT_GCC=gcc
COLLECT_LTO_WRAPPER=/usr/lib/gcc/i686-linux-gnu/4.8/lto-wrapper
Target: i686-linux-gnu
Configured with: ../src/configure -v --with-pkgversion='Ubuntu 4.8.2-19ubuntu1' --with-bugurl=file:///usr/share/doc/gcc-4.8/README.Bugs --enable-languages=c,c++,java,go,d,fortran,objc,obj-c++ --prefix=/usr --program-suffix=-4.8 --enable-shared --enable-linker-build-id --libexecdir=/usr/lib --without-included-gettext --enable-threads=posix --with-gxx-include-dir=/usr/include/c++/4.8 --libdir=/usr/lib --enable-nls --with-sysroot=/ --enable-clocale=gnu --enable-libstdcxx-debug --enable-libstdcxx-time=yes --enable-gnu-unique-object --disable-libmudflap --enable-plugin --with-system-zlib --disable-browser-plugin --enable-java-awt=gtk --enable-gtk-cairo --with-java-home=/usr/lib/jvm/java-1.5.0-gcj-4.8-i386/jre --enable-java-home --with-jvm-root-dir=/usr/lib/jvm/java-1.5.0-gcj-4.8-i386 --with-jvm-jar-dir=/usr/lib/jvm-exports/java-1.5.0-gcj-4.8-i386 --with-arch-directory=i386 --with-ecj-jar=/usr/share/java/eclipse-ecj.jar --enable-objc-gc --enable-targets=all --enable-multiarch --disable-werror --with-arch-32=i686 --with-multilib-list=m32,m64,mx32 --with-tune=generic --enable-checking=release --build=i686-linux-gnu --host=i686-linux-gnu --target=i686-linux-gnu
Thread model: posix
gcc version 4.8.2 (Ubuntu 4.8.2-19ubuntu1) 
configure:2717: $? = 0
configure:2706: gcc -V >&5
gcc: error: unrecognized command line option '-V'
gcc: fatal error: no input files
compilation terminated.
configure:2717: $? = 4
configure:2706: gcc -qversion >&5
gcc: error: unrecognized command line option '-qversion'
gcc: fatal error: no input files
compilation terminated.
configure:2717: $? = 4
configure:2737: checking for C compiler default output file name
configure:2759: gcc    conftest.c  >&5
configure:2763: $? = 0
configure:2800: result: a.out
configure:2816: checking whether the C compiler works
configure:2825: ./a.out
configure:2829: $? = 0
configure:2844: result: yes
configure:2851: checking whether we are cross compiling
configure:2853: result: no
configure:2856: checking for suffix of executables
configure:2863: gcc -o conftest    conftest.c  >&5
configure:2867: $? = 0
configure:2889: result: 
configure:2895: checking for suffix of object files
configure:2917: gcc -c   conftest.c >&5
configure:2921: $? = 0
configure:2942: result: o
configure:2946: checking whether we are using the GNU C compiler
configure:2965: gcc -c   conftest.c >&5
configure:2965: $? = 0
configure:2974: result: yes
configure:2983: checking whether gcc accepts -g
configure:3003: gcc -c -g  conftest.c >&5
configure:3003: $? = 0
configure:3044: result: yes
configure:3061: checking for gcc option to accept ISO C89
configure:3125: gcc  -c -g -O2  conftest.c >&5
configure:3125: $? = 0
configure:3138: result: none needed
configure:3159: checking for library containing strerror
configure:3190: gcc -o conftest -g -O2   conftest.c  >&5
configure:3190: $? = 0
configure:3207: result: none required
configure:3237: checking for a BSD-compatible install
configure:3305: result: /usr/bin/install -c
configure:3316: checking whether build environment is sane
configure:3366: result: yes
configure:3507: checking for a thread-safe mkdir -p
configure:3546: result: /bin/mkdir -p
configure:3559: checking for gawk
configure:3589: result: no
configure:3559: checking for mawk
configure:3575: found /usr/bin/mawk
configure:3586: result: mawk
configure:3597: checking whether make sets $(MAKE)
configure:3619: result: yes
configure:3649: checking for style of include used by make
configure:3677: result: GNU
configure:3762: checking dependency style of gcc
configure:3872: result: gcc3
configure:3937: checking for gcc
configure:3964: result: gcc
configure:4193: checking for C compiler version
configure:4202: gcc --version >&5
gcc (Ubuntu 4.8.2-19ubuntu1) 4.8.2
Copyright (C) 2013 Free Software Foundation, Inc.
This is free software; see the source for copying conditions.  There is NO
warranty; not even for MERCHANTABILITY or FITNESS FOR A PARTICULAR PURPOSE.

configure:4213: $? = 0
configure:4202: gcc -v >&5
Using built-in specs.
COLLECT_GCC=gcc
COLLECT_LTO_WRAPPER=/usr/lib/gcc/i686-linux-gnu/4.8/lto-wrapper
Target: i686-linux-gnu
Configured with: ../src/configure -v --with-pkgversion='Ubuntu 4.8.2-19ubuntu1' --with-bugurl=file:///usr/share/doc/gcc-4.8/README.Bugs --enable-languages=c,c++,java,go,d,fortran,objc,obj-c++ --prefix=/usr --program-suffix=-4.8 --enable-shared --enable-linker-build-id --libexecdir=/usr/lib --without-included-gettext --enable-threads=posix --with-gxx-include-dir=/usr/include/c++/4.8 --libdir=/usr/lib --enable-nls --with-sysroot=/ --enable-clocale=gnu --enable-libstdcxx-debug --enable-libstdcxx-time=yes --enable-gnu-unique-object --disable-libmudflap --enable-plugin --with-system-zlib --disable-browser-plugin --enable-java-awt=gtk --enable-gtk-cairo --with-java-home=/usr/lib/jvm/java-1.5.0-gcj-4.8-i386/jre --enable-java-home --with-jvm-root-dir=/usr/lib/jvm/java-1.5.0-gcj-4.8-i386 --with-jvm-jar-dir=/usr/lib/jvm-exports/java-1.5.0-gcj-4.8-i386 --with-arch-directory=i386 --with-ecj-jar=/usr/share/java/eclipse-ecj.jar --enable-objc-gc --enable-targets=all --enable-multiarch --disable-werror --with-arch-32=i686 --with-multilib-list=m32,m64,mx32 --with-tune=generic --enable-checking=release --build=i686-linux-gnu --host=i686-linux-gnu --target=i686-linux-gnu
Thread model: posix
gcc version 4.8.2 (Ubuntu 4.8.2-19ubuntu1) 
configure:4213: $? = 0
configure:4202: gcc -V >&5
gcc: error: unrecognized command line option '-V'
gcc: fatal error: no input files
compilation terminated.
configure:4213: $? = 4
configure:4202: gcc -qversion >&5
gcc: error: unrecognized command line option '-qversion'
gcc: fatal error: no input files
compilation terminated.
configure:4213: $? = 4
configure:4217: checking whether we are using the GNU C compiler
configure:4245: result: yes
configure:4254: checking whether gcc accepts -g
configure:4315: result: yes
configure:4332: checking for gcc option to accept ISO C89
configure:4409: result: none needed
configure:4434: checking how to run the C preprocessor
configure:4465: gcc -E  conftest.c
configure:4465: $? = 0
configure:4479: gcc -E  conftest.c
conftest.c:11:28: fatal error: ac_nonexistent.h: No such file or directory
 #include <ac_nonexistent.h>
                            ^
compilation terminated.
configure:4479: $? = 1
configure: failed program was:
| /* confdefs.h */
| #define PACKAGE_NAME ""
| #define PACKAGE_TARNAME ""
| #define PACKAGE_VERSION ""
| #define PACKAGE_STRING ""
| #define PACKAGE_BUGREPORT ""
| #define PACKAGE_URL ""
| #define PACKAGE "opcodes"
| #define VERSION ""
| /* end confdefs.h.  */
| #include <ac_nonexistent.h>
configure:4504: result: gcc -E
configure:4524: gcc -E  conftest.c
configure:4524: $? = 0
configure:4538: gcc -E  conftest.c
conftest.c:11:28: fatal error: ac_nonexistent.h: No such file or directory
 #include <ac_nonexistent.h>
                            ^
compilation terminated.
configure:4538: $? = 1
configure: failed program was:
| /* confdefs.h */
| #define PACKAGE_NAME ""
| #define PACKAGE_TARNAME ""
| #define PACKAGE_VERSION ""
| #define PACKAGE_STRING ""
| #define PACKAGE_BUGREPORT ""
| #define PACKAGE_URL ""
| #define PACKAGE "opcodes"
| #define VERSION ""
| /* end confdefs.h.  */
| #include <ac_nonexistent.h>
configure:4567: checking for grep that handles long lines and -e
configure:4625: result: /bin/grep
configure:4630: checking for egrep
configure:4692: result: /bin/grep -E
configure:4697: checking for ANSI C header files
configure:4717: gcc -c -g -O2  conftest.c >&5
configure:4717: $? = 0
configure:4790: gcc -o conftest -g -O2   conftest.c  >&5
configure:4790: $? = 0
configure:4790: ./conftest
configure:4790: $? = 0
configure:4801: result: yes
configure:4814: checking for sys/types.h
configure:4814: gcc -c -g -O2  conftest.c >&5
configure:4814: $? = 0
configure:4814: result: yes
configure:4814: checking for sys/stat.h
configure:4814: gcc -c -g -O2  conftest.c >&5
configure:4814: $? = 0
configure:4814: result: yes
configure:4814: checking for stdlib.h
configure:4814: gcc -c -g -O2  conftest.c >&5
configure:4814: $? = 0
configure:4814: result: yes
configure:4814: checking for string.h
configure:4814: gcc -c -g -O2  conftest.c >&5
configure:4814: $? = 0
configure:4814: result: yes
configure:4814: checking for memory.h
configure:4814: gcc -c -g -O2  conftest.c >&5
configure:4814: $? = 0
configure:4814: result: yes
configure:4814: checking for strings.h
configure:4814: gcc -c -g -O2  conftest.c >&5
configure:4814: $? = 0
configure:4814: result: yes
configure:4814: checking for inttypes.h
configure:4814: gcc -c -g -O2  conftest.c >&5
configure:4814: $? = 0
configure:4814: result: yes
configure:4814: checking for stdint.h
configure:4814: gcc -c -g -O2  conftest.c >&5
configure:4814: $? = 0
configure:4814: result: yes
configure:4814: checking for unistd.h
configure:4814: gcc -c -g -O2  conftest.c >&5
configure:4814: $? = 0
configure:4814: result: yes
configure:4828: checking minix/config.h usability
configure:4828: gcc -c -g -O2  conftest.c >&5
conftest.c:54:26: fatal error: minix/config.h: No such file or directory
 #include <minix/config.h>
                          ^
compilation terminated.
configure:4828: $? = 1
configure: failed program was:
| /* confdefs.h */
| #define PACKAGE_NAME ""
| #define PACKAGE_TARNAME ""
| #define PACKAGE_VERSION ""
| #define PACKAGE_STRING ""
| #define PACKAGE_BUGREPORT ""
| #define PACKAGE_URL ""
| #define PACKAGE "opcodes"
| #define VERSION ""
| #define STDC_HEADERS 1
| #define HAVE_SYS_TYPES_H 1
| #define HAVE_SYS_STAT_H 1
| #define HAVE_STDLIB_H 1
| #define HAVE_STRING_H 1
| #define HAVE_MEMORY_H 1
| #define HAVE_STRINGS_H 1
| #define HAVE_INTTYPES_H 1
| #define HAVE_STDINT_H 1
| #define HAVE_UNISTD_H 1
| /* end confdefs.h.  */
| #include <stdio.h>
| #ifdef HAVE_SYS_TYPES_H
| # include <sys/types.h>
| #endif
| #ifdef HAVE_SYS_STAT_H
| # include <sys/stat.h>
| #endif
| #ifdef STDC_HEADERS
| # include <stdlib.h>
| # include <stddef.h>
| #else
| # ifdef HAVE_STDLIB_H
| #  include <stdlib.h>
| # endif
| #endif
| #ifdef HAVE_STRING_H
| # if !defined STDC_HEADERS && defined HAVE_MEMORY_H
| #  include <memory.h>
| # endif
| # include <string.h>
| #endif
| #ifdef HAVE_STRINGS_H
| # include <strings.h>
| #endif
| #ifdef HAVE_INTTYPES_H
| # include <inttypes.h>
| #endif
| #ifdef HAVE_STDINT_H
| # include <stdint.h>
| #endif
| #ifdef HAVE_UNISTD_H
| # include <unistd.h>
| #endif
| #include <minix/config.h>
configure:4828: result: no
configure:4828: checking minix/config.h presence
configure:4828: gcc -E  conftest.c
conftest.c:21:26: fatal error: minix/config.h: No such file or directory
 #include <minix/config.h>
                          ^
compilation terminated.
configure:4828: $? = 1
configure: failed program was:
| /* confdefs.h */
| #define PACKAGE_NAME ""
| #define PACKAGE_TARNAME ""
| #define PACKAGE_VERSION ""
| #define PACKAGE_STRING ""
| #define PACKAGE_BUGREPORT ""
| #define PACKAGE_URL ""
| #define PACKAGE "opcodes"
| #define VERSION ""
| #define STDC_HEADERS 1
| #define HAVE_SYS_TYPES_H 1
| #define HAVE_SYS_STAT_H 1
| #define HAVE_STDLIB_H 1
| #define HAVE_STRING_H 1
| #define HAVE_MEMORY_H 1
| #define HAVE_STRINGS_H 1
| #define HAVE_INTTYPES_H 1
| #define HAVE_STDINT_H 1
| #define HAVE_UNISTD_H 1
| /* end confdefs.h.  */
| #include <minix/config.h>
configure:4828: result: no
configure:4828: checking for minix/config.h
configure:4828: result: no
configure:4849: checking whether it is safe to define __EXTENSIONS__
configure:4867: gcc -c -g -O2  conftest.c >&5
configure:4867: $? = 0
configure:4874: result: yes
configure:4934: checking for ar
configure:4950: found /usr/bin/ar
configure:4961: result: ar
configure:5026: checking for ranlib
configure:5042: found /usr/bin/ranlib
configure:5053: result: ranlib
configure:5154: checking how to print strings
configure:5181: result: printf
configure:5202: checking for a sed that does not truncate output
configure:5266: result: /bin/sed
configure:5284: checking for fgrep
configure:5346: result: /bin/grep -F
configure:5381: checking for ld used by gcc
configure:5448: result: /usr/bin/ld
configure:5455: checking if the linker (/usr/bin/ld) is GNU ld
configure:5470: result: yes
configure:5482: checking for BSD- or MS-compatible name lister (nm)
configure:5531: result: /usr/bin/nm -B
configure:5661: checking the name lister (/usr/bin/nm -B) interface
configure:5668: gcc -c -g -O2  conftest.c >&5
configure:5671: /usr/bin/nm -B "conftest.o"
configure:5674: output
00000000 B some_variable
configure:5681: result: BSD nm
configure:5684: checking whether ln -s works
configure:5688: result: yes
configure:5696: checking the maximum length of command line arguments
configure:5821: result: 1572864
configure:5838: checking whether the shell understands some XSI constructs
configure:5848: result: yes
configure:5852: checking whether the shell understands "+="
configure:5858: result: yes
configure:5893: checking for /usr/bin/ld option to reload object files
configure:5900: result: -r
configure:5969: checking for objdump
configure:5985: found /usr/bin/objdump
configure:5996: result: objdump
configure:6028: checking how to recognize dependent libraries
configure:6229: result: pass_all
configure:6289: checking for ar
configure:6316: result: ar
configure:6394: checking for strip
configure:6410: found /usr/bin/strip
configure:6421: result: strip
configure:6493: checking for ranlib
configure:6520: result: ranlib
configure:6622: checking command to parse /usr/bin/nm -B output from gcc object
configure:6740: gcc -c -g -O2  conftest.c >&5
configure:6743: $? = 0
configure:6747: /usr/bin/nm -B conftest.o \| sed -n -e 's/^.*[ ]\([ABCDGIRSTW][ABCDGIRSTW]*\)[ ][ ]*\([_A-Za-z][_A-Za-z0-9]*\)$/\1 \2 \2/p' \> conftest.nm
configure:6750: $? = 0
configure:6804: gcc -o conftest -g -O2   conftest.c conftstm.o >&5
configure:6807: $? = 0
configure:6845: result: ok
configure:7687: checking for dlfcn.h
configure:7687: gcc -c -g -O2  conftest.c >&5
configure:7687: $? = 0
configure:7687: result: yes
configure:7844: checking for objdir
configure:7859: result: .libs
configure:8130: checking if gcc supports -fno-rtti -fno-exceptions
configure:8148: gcc -c -g -O2  -fno-rtti -fno-exceptions conftest.c >&5
cc1: warning: command line option '-fno-rtti' is valid for C++/ObjC++ but not for C [enabled by default]
configure:8152: $? = 0
configure:8165: result: no
configure:8185: checking for gcc option to produce PIC
configure:8471: result: -fPIC -DPIC
configure:8483: checking if gcc PIC flag -fPIC -DPIC works
configure:8501: gcc -c -g -O2  -fPIC -DPIC -DPIC conftest.c >&5
configure:8505: $? = 0
configure:8518: result: yes
configure:8542: checking if gcc static flag -static works
configure:8570: result: yes
configure:8585: checking if gcc supports -c -o file.o
configure:8606: gcc -c -g -O2  -o out/conftest2.o conftest.c >&5
configure:8610: $? = 0
configure:8632: result: yes
configure:8640: checking if gcc supports -c -o file.o
configure:8687: result: yes
configure:8720: checking whether the gcc linker (/usr/bin/ld) supports shared libraries
configure:9791: result: yes
configure:10036: checking dynamic linker characteristics
configure:10487: gcc -o conftest -g -O2   -Wl,-rpath -Wl,/foo conftest.c  >&5
configure:10487: $? = 0
configure:10709: result: GNU/Linux ld.so
configure:10816: checking how to hardcode library paths into programs
configure:10841: result: immediate
configure:11381: checking whether stripping libraries is possible
configure:11386: result: yes
configure:11421: checking if libtool supports shared libraries
configure:11423: result: yes
configure:11426: checking whether to build shared libraries
configure:11447: result: no
configure:11450: checking whether to build static libraries
configure:11454: result: yes
configure:11584: checking whether gcc supports -Wmissing-field-initializers
configure:11601: gcc -c -Wmissing-field-initializers  conftest.c >&5
configure:11601: $? = 0
configure:11610: result: yes
configure:11630: checking whether to enable maintainer-specific portions of Makefiles
configure:11639: result: no
configure:11667: checking whether to install libbfd
configure:11680: result: no
configure:11726: checking whether NLS is requested
configure:11729: result: no
configure:11797: checking whether NLS is requested
configure:11806: result: yes
configure:11844: checking for msgfmt
configure:11875: result: /usr/bin/msgfmt
configure:11884: checking for gmsgfmt
configure:11915: result: /usr/bin/msgfmt
configure:11955: checking for xgettext
configure:11986: result: /usr/bin/xgettext
configure:12026: checking for msgmerge
configure:12056: result: /usr/bin/msgmerge
configure:12138: checking for string.h
configure:12138: result: yes
configure:12138: checking for strings.h
configure:12138: result: yes
configure:12138: checking for stdlib.h
configure:12138: result: yes
configure:12138: checking limits.h usability
configure:12138: gcc -c -g -O2  conftest.c >&5
configure:12138: $? = 0
configure:12138: result: yes
configure:12138: checking limits.h presence
configure:12138: gcc -E  conftest.c
configure:12138: $? = 0
configure:12138: result: yes
configure:12138: checking for limits.h
configure:12138: result: yes
configure:12149: checking whether string.h and strings.h may both be included
configure:12166: gcc -c -g -O2  conftest.c >&5
configure:12166: $? = 0
configure:12173: result: yes
configure:12182: checking whether basename is declared
configure:12182: gcc -c -g -O2  conftest.c >&5
configure:12182: $? = 0
configure:12182: result: yes
configure:12192: checking whether stpcpy is declared
configure:12192: gcc -c -g -O2  conftest.c >&5
configure:12192: $? = 0
configure:12192: result: yes
configure:12234: checking linker --as-needed support
configure:12245: result: yes
configure:12336: checking for cos in -lm
configure:12361: gcc -o conftest -g -O2   conftest.c -lm   >&5
conftest.c:42:6: warning: conflicting types for built-in function 'cos' [enabled by default]
 char cos ();
      ^
configure:12361: $? = 0
configure:12370: result: yes
configure:12768: creating ./config.status

## ---------------------- ##
## Running config.status. ##
## ---------------------- ##

This file was extended by config.status, which was
generated by GNU Autoconf 2.64.  Invocation command line was

  CONFIG_FILES    = 
  CONFIG_HEADERS  = 
  CONFIG_LINKS    = 
  CONFIG_COMMANDS = 
  $ ./config.status 

on ubuntu

config.status:1127: creating Makefile
config.status:1127: creating po/Makefile.in
config.status:1127: creating config.h
config.status:1299: config.h is unchanged
config.status:1347: executing depfiles commands
config.status:1347: executing libtool commands
config.status:1347: executing default-1 commands

## ---------------- ##
## Cache variables. ##
## ---------------- ##

ac_cv_build=i686-pc-linux-gnu
ac_cv_c_compiler_gnu=yes
ac_cv_env_CC_set=
ac_cv_env_CC_value=
ac_cv_env_CFLAGS_set=
ac_cv_env_CFLAGS_value=
ac_cv_env_CPPFLAGS_set=
ac_cv_env_CPPFLAGS_value=
ac_cv_env_CPP_set=
ac_cv_env_CPP_value=
ac_cv_env_LDFLAGS_set=
ac_cv_env_LDFLAGS_value=
ac_cv_env_LIBS_set=
ac_cv_env_LIBS_value=
ac_cv_env_build_alias_set=
ac_cv_env_build_alias_value=
ac_cv_env_host_alias_set=
ac_cv_env_host_alias_value=
ac_cv_env_target_alias_set=set
ac_cv_env_target_alias_value=arm-linux
ac_cv_have_decl_basename=yes
ac_cv_have_decl_stpcpy=yes
ac_cv_header_dlfcn_h=yes
ac_cv_header_inttypes_h=yes
ac_cv_header_limits_h=yes
ac_cv_header_memory_h=yes
ac_cv_header_minix_config_h=no
ac_cv_header_stdc=yes
ac_cv_header_stdint_h=yes
ac_cv_header_stdlib_h=yes
ac_cv_header_string_h=yes
ac_cv_header_strings_h=yes
ac_cv_header_sys_stat_h=yes
ac_cv_header_sys_types_h=yes
ac_cv_header_unistd_h=yes
ac_cv_host=i686-pc-linux-gnu
ac_cv_lib_m_cos=yes
ac_cv_objext=o
ac_cv_path_EGREP='/bin/grep -E'
ac_cv_path_FGREP='/bin/grep -F'
ac_cv_path_GMSGFMT=/usr/bin/msgfmt
ac_cv_path_GREP=/bin/grep
ac_cv_path_MSGFMT=/usr/bin/msgfmt
ac_cv_path_MSGMERGE=/usr/bin/msgmerge
ac_cv_path_SED=/bin/sed
ac_cv_path_XGETTEXT=/usr/bin/xgettext
ac_cv_path_install='/usr/bin/install -c'
ac_cv_path_mkdir=/bin/mkdir
ac_cv_prog_AWK=mawk
ac_cv_prog_CPP='gcc -E'
ac_cv_prog_ac_ct_AR=ar
ac_cv_prog_ac_ct_CC=gcc
ac_cv_prog_ac_ct_OBJDUMP=objdump
ac_cv_prog_ac_ct_RANLIB=ranlib
ac_cv_prog_ac_ct_STRIP=strip
ac_cv_prog_cc_c89=
ac_cv_prog_cc_g=yes
ac_cv_prog_make_make_set=yes
ac_cv_safe_to_define___extensions__=yes
ac_cv_search_strerror='none required'
ac_cv_target=arm-unknown-linux-gnu
acx_cv_prog_cc_warning__Wmissing_field_initializers=yes
am_cv_CC_dependencies_compiler_type=gcc3
bfd_cv_ld_as_needed=yes
gcc_cv_header_string=yes
lt_cv_deplibs_check_method=pass_all
lt_cv_file_magic_cmd='$MAGIC_CMD'
lt_cv_file_magic_test_file=
lt_cv_ld_reload_flag=-r
lt_cv_nm_interface='BSD nm'
lt_cv_objdir=.libs
lt_cv_path_LD=/usr/bin/ld
lt_cv_path_NM='/usr/bin/nm -B'
lt_cv_prog_compiler_c_o=yes
lt_cv_prog_compiler_pic_works=yes
lt_cv_prog_compiler_rtti_exceptions=no
lt_cv_prog_compiler_static_works=yes
lt_cv_prog_gnu_ld=yes
lt_cv_shlibpath_overrides_runpath=no
lt_cv_sys_global_symbol_pipe='sed -n -e '\''s/^.*[	 ]\([ABCDGIRSTW][ABCDGIRSTW]*\)[	 ][	 ]*\([_A-Za-z][_A-Za-z0-9]*\)$/\1 \2 \2/p'\'''
lt_cv_sys_global_symbol_to_c_name_address='sed -n -e '\''s/^: \([^ ]*\) $/  {\"\1\", (void *) 0},/p'\'' -e '\''s/^[ABCDGIRSTW]* \([^ ]*\) \([^ ]*\)$/  {"\2", (void *) \&\2},/p'\'''
lt_cv_sys_global_symbol_to_c_name_address_lib_prefix='sed -n -e '\''s/^: \([^ ]*\) $/  {\"\1\", (void *) 0},/p'\'' -e '\''s/^[ABCDGIRSTW]* \([^ ]*\) \(lib[^ ]*\)$/  {"\2", (void *) \&\2},/p'\'' -e '\''s/^[ABCDGIRSTW]* \([^ ]*\) \([^ ]*\)$/  {"lib\2", (void *) \&\2},/p'\'''
lt_cv_sys_global_symbol_to_cdecl='sed -n -e '\''s/^T .* \(.*\)$/extern int \1();/p'\'' -e '\''s/^[ABCDGIRSTW]* .* \(.*\)$/extern char \1;/p'\'''
lt_cv_sys_max_cmd_len=1572864

## ----------------- ##
## Output variables. ##
## ----------------- ##

ACLOCAL='${SHELL} /mnt/hgfs/tim/Documents/Squeak/Rasbian-VM/Pi-CogVM/Cog/processors/ARM/gdb-7.6/missing --run aclocal-1.11'
AMDEPBACKSLASH='\'
AMDEP_FALSE='#'
AMDEP_TRUE=''
AMTAR='${SHELL} /mnt/hgfs/tim/Documents/Squeak/Rasbian-VM/Pi-CogVM/Cog/processors/ARM/gdb-7.6/missing --run tar'
AR='ar'
AUTOCONF='${SHELL} /mnt/hgfs/tim/Documents/Squeak/Rasbian-VM/Pi-CogVM/Cog/processors/ARM/gdb-7.6/missing --run autoconf'
AUTOHEADER='${SHELL} /mnt/hgfs/tim/Documents/Squeak/Rasbian-VM/Pi-CogVM/Cog/processors/ARM/gdb-7.6/missing --run autoheader'
AUTOMAKE='${SHELL} /mnt/hgfs/tim/Documents/Squeak/Rasbian-VM/Pi-CogVM/Cog/processors/ARM/gdb-7.6/missing --run automake-1.11'
AWK='mawk'
BFD_MACHINES=' arm-dis.lo'
BUILD_LIBS='../libiberty/libiberty.a '
BUILD_LIB_DEPS='../libiberty/libiberty.a '
CATALOGS=''
CATOBJEXT=''
CC='gcc'
CCDEPMODE='depmode=gcc3'
CC_FOR_BUILD='$(CC)'
CFLAGS='-g -O2'
CGEN_MAINT_FALSE=''
CGEN_MAINT_TRUE='#'
CPP='gcc -E'
CPPFLAGS=''
CYGPATH_W='echo'
DATADIRNAME=''
DEFS='-DHAVE_CONFIG_H'
DEPDIR='.deps'
DSYMUTIL=''
DUMPBIN=''
ECHO_C=''
ECHO_N='-n'
ECHO_T=''
EGREP='/bin/grep -E'
EXEEXT=''
EXEEXT_FOR_BUILD='$(EXEEXT)'
FGREP='/bin/grep -F'
GENCAT=''
GMSGFMT='/usr/bin/msgfmt'
GREP='/bin/grep'
HDEFINES=''
INCINTL=''
INSTALL_DATA='${INSTALL} -m 644'
INSTALL_LIBBFD_FALSE=''
INSTALL_LIBBFD_TRUE='#'
INSTALL_PROGRAM='${INSTALL}'
INSTALL_SCRIPT='${INSTALL}'
INSTALL_STRIP_PROGRAM='$(install_sh) -c -s'
INSTOBJEXT=''
LD='/usr/bin/ld'
LDFLAGS=''
LIBINTL=''
LIBINTL_DEP=''
LIBM='-lm'
LIBOBJS=''
LIBS=''
LIBTOOL='$(SHELL) $(top_builddir)/libtool'
LIPO=''
LN_S='ln -s'
LTLIBOBJS=''
MAINT='#'
MAINTAINER_MODE_FALSE=''
MAINTAINER_MODE_TRUE='#'
MAKEINFO='${SHELL} /mnt/hgfs/tim/Documents/Squeak/Rasbian-VM/Pi-CogVM/Cog/processors/ARM/gdb-7.6/missing --run makeinfo'
MKDIR_P='/bin/mkdir -p'
MKINSTALLDIRS='$(top_builddir)/./../mkinstalldirs'
MSGFMT='/usr/bin/msgfmt'
MSGMERGE='/usr/bin/msgmerge'
NM='/usr/bin/nm -B'
NMEDIT=''
NO_WERROR='-Wno-error'
NO_WMISSING_FIELD_INITIALIZERS='-Wno-missing-field-initializers'
OBJDUMP='objdump'
OBJEXT='o'
OTOOL64=''
OTOOL=''
PACKAGE='opcodes'
PACKAGE_BUGREPORT=''
PACKAGE_NAME=''
PACKAGE_STRING=''
PACKAGE_TARNAME=''
PACKAGE_URL=''
PACKAGE_VERSION=''
PATH_SEPARATOR=':'
POSUB=''
RANLIB='ranlib'
SED='/bin/sed'
SET_MAKE=''
SHARED_DEPENDENCIES=''
SHARED_LDFLAGS=''
SHARED_LIBADD=''
SHELL='/bin/bash'
STRIP='strip'
USE_NLS='yes'
VERSION=''
WARN_CFLAGS='-W -Wall -Wstrict-prototypes -Wmissing-prototypes -Wshadow -Werror'
XGETTEXT='/usr/bin/xgettext'
ac_ct_CC='gcc'
ac_ct_DUMPBIN=''
am__EXEEXT_FALSE=''
am__EXEEXT_TRUE='#'
am__fastdepCC_FALSE='#'
am__fastdepCC_TRUE=''
am__include='include'
am__isrc=''
am__leading_dot='.'
am__quote=''
am__tar='${AMTAR} chof - "$$tardir"'
am__untar='${AMTAR} xf -'
archdefs=' -DARCH_arm'
bfdincludedir='$(exec_prefix)/$(host_noncanonical)/$(target_noncanonical)/include'
bfdlibdir='$(exec_prefix)/$(host_noncanonical)/$(target_noncanonical)/lib'
bindir='${exec_prefix}/bin'
build='i686-pc-linux-gnu'
build_alias=''
build_cpu='i686'
build_os='linux-gnu'
build_vendor='pc'
cgendir='$(srcdir)/../cgen'
datadir='${datarootdir}'
datarootdir='${prefix}/share'
docdir='${datarootdir}/doc/${PACKAGE}'
dvidir='${docdir}'
exec_prefix='${prefix}'
host='i686-pc-linux-gnu'
host_alias=''
host_cpu='i686'
host_noncanonical='i686-pc-linux-gnu'
host_os='linux-gnu'
host_vendor='pc'
htmldir='${docdir}'
includedir='${prefix}/include'
infodir='${datarootdir}/info'
install_sh='${SHELL} /mnt/hgfs/tim/Documents/Squeak/Rasbian-VM/Pi-CogVM/Cog/processors/ARM/gdb-7.6/install-sh'
libdir='${exec_prefix}/lib'
libexecdir='${exec_prefix}/libexec'
localedir='${datarootdir}/locale'
localstatedir='${prefix}/var'
mandir='${datarootdir}/man'
mkdir_p='/bin/mkdir -p'
oldincludedir='/usr/include'
pdfdir='${docdir}'
prefix='/usr/local'
program_transform_name='s&^&arm-linux-&'
psdir='${docdir}'
sbindir='${exec_prefix}/sbin'
sharedstatedir='${prefix}/com'
sysconfdir='${prefix}/etc'
target='arm-unknown-linux-gnu'
target_alias='arm-linux'
target_cpu='arm'
target_noncanonical='arm-linux'
target_os='linux-gnu'
target_vendor='unknown'

## ----------- ##
## confdefs.h. ##
## ----------- ##

/* confdefs.h */
#define PACKAGE_NAME ""
#define PACKAGE_TARNAME ""
#define PACKAGE_VERSION ""
#define PACKAGE_STRING ""
#define PACKAGE_BUGREPORT ""
#define PACKAGE_URL ""
#define PACKAGE "opcodes"
#define VERSION ""
#define STDC_HEADERS 1
#define HAVE_SYS_TYPES_H 1
#define HAVE_SYS_STAT_H 1
#define HAVE_STDLIB_H 1
#define HAVE_STRING_H 1
#define HAVE_MEMORY_H 1
#define HAVE_STRINGS_H 1
#define HAVE_INTTYPES_H 1
#define HAVE_STDINT_H 1
#define HAVE_UNISTD_H 1
#define __EXTENSIONS__ 1
#define _ALL_SOURCE 1
#define _GNU_SOURCE 1
#define _POSIX_PTHREAD_SEMANTICS 1
#define _TANDEM_SOURCE 1
#define HAVE_DLFCN_H 1
#define LT_OBJDIR ".libs/"
#define HAVE_STRING_H 1
#define HAVE_STRINGS_H 1
#define HAVE_STDLIB_H 1
#define HAVE_LIMITS_H 1
#define STRING_WITH_STRINGS 1
#define HAVE_DECL_BASENAME 1
#define HAVE_DECL_STPCPY 1

configure: exit 0
